Warning message:
In dir.create(file.path(PATH_TO_FILE, "Improvement_newalg"), showWarnings = TRUE) :
  './/Improvement_newalg' already exists
Warning message:
In dir.create(file.path(PATH_TO_FILE, "Discrepancy_newalg"), showWarnings = TRUE) :
  './/Discrepancy_newalg' already exists
Warning message:
In dir.create(file.path(PATH_TO_FILE, "Advanced_newalg"), showWarnings = TRUE) :
  './/Advanced_newalg' already exists
at process :  1 , file =  WD2_10_2_5.csv , time used:  5.177 , number_improved =  0 , prev_dis =  0.01910222 , new_dis =  0.01910222 
at process :  2 , file =  WD2_12_10_3.csv , time used:  34.215 , number_improved =  0 , prev_dis =  3.558221 , new_dis =  3.558221 
at process :  3 , file =  WD2_12_10_4.csv , time used:  71.017 , number_improved =  1 , prev_dis =  2.584953 , new_dis =  2.582078 
at process :  4 , file =  WD2_12_11_3.csv , time used:  100.752 , number_improved =  2 , prev_dis =  5.533397 , new_dis =  5.516232 
at process :  5 , file =  WD2_12_11_4.csv , time used:  138.888 , number_improved =  2 , prev_dis =  4.143765 , new_dis =  4.143765 
at process :  6 , file =  WD2_12_12_3.csv , time used:  168.772 , number_improved =  2 , prev_dis =  8.667366 , new_dis =  8.667366 
at process :  7 , file =  WD2_12_12_4.csv , time used:  207.265 , number_improved =  3 , prev_dis =  6.59755 , new_dis =  6.596588 
at process :  8 , file =  WD2_12_13_3.csv , time used:  237.628 , number_improved =  3 , prev_dis =  13.42638 , new_dis =  13.42638 
at process :  9 , file =  WD2_12_13_4.csv , time used:  277.329 , number_improved =  4 , prev_dis =  10.4338 , new_dis =  10.42306 
at process :  10 , file =  WD2_12_14_3.csv , time used:  308.074 , number_improved =  5 , prev_dis =  20.61802 , new_dis =  20.597 
at process :  11 , file =  WD2_12_14_4.csv , time used:  347.978 , number_improved =  6 , prev_dis =  16.38152 , new_dis =  16.36906 
at process :  12 , file =  WD2_12_15_3.csv , time used:  379.45 , number_improved =  7 , prev_dis =  31.60117 , new_dis =  31.57431 
at process :  13 , file =  WD2_12_15_4.csv , time used:  419.874 , number_improved =  8 , prev_dis =  25.58351 , new_dis =  25.58133 
at process :  14 , file =  WD2_12_16_3.csv , time used:  451.649 , number_improved =  8 , prev_dis =  48.43218 , new_dis =  48.43218 
at process :  15 , file =  WD2_12_16_4.csv , time used:  492.522 , number_improved =  9 , prev_dis =  39.7919 , new_dis =  39.7762 
at process :  16 , file =  WD2_12_17_3.csv , time used:  524.759 , number_improved =  9 , prev_dis =  73.83415 , new_dis =  73.83415 
at process :  17 , file =  WD2_12_17_4.csv , time used:  566.157 , number_improved =  9 , prev_dis =  61.6321 , new_dis =  61.6321 
at process :  18 , file =  WD2_12_18_3.csv , time used:  598.773 , number_improved =  10 , prev_dis =  112.1379 , new_dis =  112.0722 
at process :  19 , file =  WD2_12_18_4.csv , time used:  640.915 , number_improved =  10 , prev_dis =  95.15047 , new_dis =  95.15047 
at process :  20 , file =  WD2_12_19_3.csv , time used:  674.004 , number_improved =  10 , prev_dis =  170.3409 , new_dis =  170.3409 
at process :  21 , file =  WD2_12_19_4.csv , time used:  716.754 , number_improved =  11 , prev_dis =  146.4502 , new_dis =  146.4373 
at process :  22 , file =  WD2_12_2_3.csv , time used:  722.747 , number_improved =  11 , prev_dis =  0.05041152 , new_dis =  0.05041152 
at process :  23 , file =  WD2_12_2_4.csv , time used:  729.061 , number_improved =  11 , prev_dis =  0.02875434 , new_dis =  0.02875434 
at process :  24 , file =  WD2_12_2_6.csv , time used:  737.247 , number_improved =  11 , prev_dis =  0.01305298 , new_dis =  0.01305298 
at process :  25 , file =  WD2_12_3_3.csv , time used:  746.27 , number_improved =  11 , prev_dis =  0.1032807 , new_dis =  0.1032807 
at process :  26 , file =  WD2_12_3_4.csv , time used:  756.303 , number_improved =  11 , prev_dis =  0.05991392 , new_dis =  0.05991392 
at process :  27 , file =  WD2_12_4_3.csv , time used:  767.649 , number_improved =  11 , prev_dis =  0.1887638 , new_dis =  0.1887638 
at process :  28 , file =  WD2_12_4_4.csv , time used:  781.305 , number_improved =  11 , prev_dis =  0.1118686 , new_dis =  0.1118686 
at process :  29 , file =  WD2_12_5_3.csv , time used:  796.341 , number_improved =  11 , prev_dis =  0.3246338 , new_dis =  0.3246338 
at process :  30 , file =  WD2_12_5_4.csv , time used:  813.695 , number_improved =  11 , prev_dis =  0.197754 , new_dis =  0.197754 
at process :  31 , file =  WD2_12_6_3.csv , time used:  831.33 , number_improved =  11 , prev_dis =  0.5379859 , new_dis =  0.5379859 
at process :  32 , file =  WD2_12_6_4.csv , time used:  852.344 , number_improved =  11 , prev_dis =  0.342815 , new_dis =  0.342815 
at process :  33 , file =  WD2_12_7_3.csv , time used:  873.184 , number_improved =  11 , prev_dis =  0.8712896 , new_dis =  0.8712896 
at process :  34 , file =  WD2_12_7_4.csv , time used:  898.098 , number_improved =  12 , prev_dis =  0.5806912 , new_dis =  0.5785794 
at process :  35 , file =  WD2_12_8_3.csv , time used:  922.164 , number_improved =  12 , prev_dis =  1.407766 , new_dis =  1.407766 
at process :  36 , file =  WD2_12_8_4.csv , time used:  950.887 , number_improved =  12 , prev_dis =  0.9691993 , new_dis =  0.9691993 
at process :  37 , file =  WD2_12_9_3.csv , time used:  978.24 , number_improved =  12 , prev_dis =  2.262547 , new_dis =  2.262547 
at process :  38 , file =  WD2_12_9_4.csv , time used:  1011.055 , number_improved =  13 , prev_dis =  1.590846 , new_dis =  1.585389 
at process :  39 , file =  WD2_15_10_3.csv , time used:  1063.47 , number_improved =  14 , prev_dis =  3.255242 , new_dis =  3.247281 
at process :  40 , file =  WD2_15_11_3.csv , time used:  1116.619 , number_improved =  14 , prev_dis =  5.052449 , new_dis =  5.052449 
at process :  41 , file =  WD2_15_12_3.csv , time used:  1170.486 , number_improved =  15 , prev_dis =  7.822167 , new_dis =  7.815149 
at process :  42 , file =  WD2_15_13_3.csv , time used:  1224.525 , number_improved =  15 , prev_dis =  11.98092 , new_dis =  11.98092 
at process :  43 , file =  WD2_15_14_3.csv , time used:  1280.1 , number_improved =  16 , prev_dis =  18.33368 , new_dis =  18.30877 
at process :  44 , file =  WD2_15_15_3.csv , time used:  1336.392 , number_improved =  17 , prev_dis =  27.92753 , new_dis =  27.91034 
at process :  45 , file =  WD2_15_16_3.csv , time used:  1392.374 , number_improved =  17 , prev_dis =  42.41893 , new_dis =  42.41893 
at process :  46 , file =  WD2_15_17_3.csv , time used:  1448.823 , number_improved =  17 , prev_dis =  64.23774 , new_dis =  64.23774 
at process :  47 , file =  WD2_15_18_3.csv , time used:  1506.451 , number_improved =  17 , prev_dis =  97.18051 , new_dis =  97.18051 
at process :  48 , file =  WD2_15_19_3.csv , time used:  1564.36 , number_improved =  17 , prev_dis =  146.8392 , new_dis =  146.8392 
at process :  49 , file =  WD2_15_2_3.csv , time used:  1573.874 , number_improved =  17 , prev_dis =  0.05016461 , new_dis =  0.05016461 
at process :  50 , file =  WD2_15_2_5.csv , time used:  1585.697 , number_improved =  17 , prev_dis =  0.01839111 , new_dis =  0.01839111 
at process :  51 , file =  WD2_15_3_3.csv , time used:  1600.818 , number_improved =  17 , prev_dis =  0.1021513 , new_dis =  0.1021513 
at process :  52 , file =  WD2_15_4_3.csv , time used:  1620.933 , number_improved =  17 , prev_dis =  0.1853695 , new_dis =  0.1853695 
at process :  53 , file =  WD2_15_5_3.csv , time used:  1645.67 , number_improved =  17 , prev_dis =  0.3165462 , new_dis =  0.3165462 
at process :  54 , file =  WD2_15_6_3.csv , time used:  1675.864 , number_improved =  18 , prev_dis =  0.5210427 , new_dis =  0.5208392 
at process :  55 , file =  WD2_15_7_3.csv , time used:  1711.668 , number_improved =  18 , prev_dis =  0.8367286 , new_dis =  0.8367286 
at process :  56 , file =  WD2_15_8_3.csv , time used:  1752.788 , number_improved =  18 , prev_dis =  1.32536 , new_dis =  1.32536 
at process :  57 , file =  WD2_15_9_3.csv , time used:  1799.55 , number_improved =  19 , prev_dis =  2.0905 , new_dis =  2.08427 
at process :  58 , file =  WD2_16_10_4.csv , time used:  1871.073 , number_improved =  20 , prev_dis =  2.190885 , new_dis =  2.184836 
at process :  59 , file =  WD2_16_11_4.csv , time used:  1943.438 , number_improved =  21 , prev_dis =  3.476418 , new_dis =  3.469468 
at process :  60 , file =  WD2_16_12_4.csv , time used:  2017.003 , number_improved =  22 , prev_dis =  5.474068 , new_dis =  5.470908 
at process :  61 , file =  WD2_16_13_4.csv , time used:  2091.529 , number_improved =  23 , prev_dis =  8.572594 , new_dis =  8.564767 
at process :  62 , file =  WD2_16_14_4.csv , time used:  2167.344 , number_improved =  24 , prev_dis =  13.35278 , new_dis =  13.33727 
at process :  63 , file =  WD2_16_15_4.csv , time used:  2244.357 , number_improved =  25 , prev_dis =  20.69579 , new_dis =  20.69209 
at process :  64 , file =  WD2_16_16_4.csv , time used:  2321.274 , number_improved =  25 , prev_dis =  31.95924 , new_dis =  31.95924 
at process :  65 , file =  WD2_16_17_4.csv , time used:  2399.031 , number_improved =  26 , prev_dis =  49.22537 , new_dis =  49.21286 
at process :  66 , file =  WD2_16_18_4.csv , time used:  2477.391 , number_improved =  27 , prev_dis =  75.56857 , new_dis =  75.55015 
at process :  67 , file =  WD2_16_2_4.csv , time used:  2490.089 , number_improved =  27 , prev_dis =  0.02788628 , new_dis =  0.02788628 
at process :  68 , file =  WD2_16_3_4.csv , time used:  2509.892 , number_improved =  27 , prev_dis =  0.05635692 , new_dis =  0.05635692 
at process :  69 , file =  WD2_16_4_4.csv , time used:  2537.021 , number_improved =  27 , prev_dis =  0.1019287 , new_dis =  0.1019287 
at process :  70 , file =  WD2_16_5_4.csv , time used:  2571.327 , number_improved =  27 , prev_dis =  0.1749576 , new_dis =  0.1749576 
at process :  71 , file =  WD2_16_6_4.csv , time used:  2613.229 , number_improved =  28 , prev_dis =  0.3020546 , new_dis =  0.2963362 
at process :  72 , file =  WD2_16_7_4.csv , time used:  2662.253 , number_improved =  29 , prev_dis =  0.5049119 , new_dis =  0.5046296 
at process :  73 , file =  WD2_16_8_4.csv , time used:  2718.805 , number_improved =  30 , prev_dis =  0.8376159 , new_dis =  0.8349848 
at process :  74 , file =  WD2_16_9_4.csv , time used:  2782.785 , number_improved =  31 , prev_dis =  1.363112 , new_dis =  1.361978 
at process :  75 , file =  WD2_18_10_3.csv , time used:  2862.039 , number_improved =  32 , prev_dis =  3.066258 , new_dis =  3.036406 
at process :  76 , file =  WD2_18_11_3.csv , time used:  2941.376 , number_improved =  33 , prev_dis =  4.744787 , new_dis =  4.729529 
at process :  77 , file =  WD2_18_12_3.csv , time used:  3020.66 , number_improved =  34 , prev_dis =  7.273069 , new_dis =  7.267347 
at process :  78 , file =  WD2_18_13_3.csv , time used:  3100.741 , number_improved =  35 , prev_dis =  11.08747 , new_dis =  11.06445 
at process :  79 , file =  WD2_18_14_3.csv , time used:  3181.993 , number_improved =  35 , prev_dis =  16.82788 , new_dis =  16.82788 
at process :  80 , file =  WD2_18_15_3.csv , time used:  3263.409 , number_improved =  35 , prev_dis =  25.50677 , new_dis =  25.50677 
at process :  81 , file =  WD2_18_16_3.csv , time used:  3345.64 , number_improved =  36 , prev_dis =  38.56594 , new_dis =  38.53544 
at process :  82 , file =  WD2_18_17_3.csv , time used:  3428.858 , number_improved =  36 , prev_dis =  58.02316 , new_dis =  58.02316 
at process :  83 , file =  WD2_18_18_3.csv , time used:  3513.137 , number_improved =  36 , prev_dis =  87.41352 , new_dis =  87.41352 
at process :  84 , file =  WD2_18_19_3.csv , time used:  3597.799 , number_improved =  36 , prev_dis =  131.3338 , new_dis =  131.3338 
at process :  85 , file =  WD2_18_2_6.csv , time used:  3617.523 , number_improved =  36 , prev_dis =  0.01256001 , new_dis =  0.01256001 
at process :  86 , file =  WD2_18_3_3.csv , time used:  3639.661 , number_improved =  36 , prev_dis =  0.1003467 , new_dis =  0.1003467 
at process :  87 , file =  WD2_18_4_3.csv , time used:  3668.984 , number_improved =  36 , prev_dis =  0.180419 , new_dis =  0.180419 
at process :  88 , file =  WD2_18_5_3.csv , time used:  3706.377 , number_improved =  36 , prev_dis =  0.3049 , new_dis =  0.3049 
at process :  89 , file =  WD2_18_6_3.csv , time used:  3752.132 , number_improved =  36 , prev_dis =  0.4971941 , new_dis =  0.4971941 
at process :  90 , file =  WD2_18_7_3.csv , time used:  3806.351 , number_improved =  36 , prev_dis =  0.7919507 , new_dis =  0.7919507 
at process :  91 , file =  WD2_18_8_3.csv , time used:  3868.551 , number_improved =  36 , prev_dis =  1.251733 , new_dis =  1.251733 
at process :  92 , file =  WD2_18_9_3.csv , time used:  3939.136 , number_improved =  36 , prev_dis =  1.965419 , new_dis =  1.965419 
at process :  93 , file =  WD2_20_10_4.csv , time used:  4060.68 , number_improved =  37 , prev_dis =  1.965329 , new_dis =  1.959527 
at process :  94 , file =  WD2_20_11_4.csv , time used:  4183.516 , number_improved =  38 , prev_dis =  3.089292 , new_dis =  3.079511 
at process :  95 , file =  WD2_20_12_4.csv , time used:  4307.604 , number_improved =  38 , prev_dis =  4.817087 , new_dis =  4.817087 
at process :  96 , file =  WD2_20_13_4.csv , time used:  4432.819 , number_improved =  39 , prev_dis =  7.488875 , new_dis =  7.481543 
at process :  97 , file =  WD2_20_14_4.csv , time used:  4559.712 , number_improved =  40 , prev_dis =  11.5859 , new_dis =  11.57794 
at process :  98 , file =  WD2_20_15_4.csv , time used:  4687.421 , number_improved =  41 , prev_dis =  17.8491 , new_dis =  17.83199 
at process :  99 , file =  WD2_20_16_4.csv , time used:  4815.902 , number_improved =  42 , prev_dis =  27.38986 , new_dis =  27.38602 
at process :  100 , file =  WD2_20_17_4.csv , time used:  4945.538 , number_improved =  43 , prev_dis =  41.92857 , new_dis =  41.92748 
at process :  101 , file =  WD2_20_18_4.csv , time used:  5076.762 , number_improved =  44 , prev_dis =  64.05518 , new_dis =  64.03946 
at process :  102 , file =  WD2_20_19_4.csv , time used:  5209.07 , number_improved =  44 , prev_dis =  97.58652 , new_dis =  97.58652 
at process :  103 , file =  WD2_20_2_4.csv , time used:  5230.488 , number_improved =  44 , prev_dis =  0.02819878 , new_dis =  0.02819878 
at process :  104 , file =  WD2_20_2_5.csv , time used:  5254.453 , number_improved =  44 , prev_dis =  0.01814222 , new_dis =  0.01814222 
at process :  105 , file =  WD2_20_3_4.csv , time used:  5288.055 , number_improved =  44 , prev_dis =  0.05743236 , new_dis =  0.05743236 
at process :  106 , file =  WD2_20_4_4.csv , time used:  5334.14 , number_improved =  44 , prev_dis =  0.1045357 , new_dis =  0.1045357 
at process :  107 , file =  WD2_20_5_4.csv , time used:  5392.354 , number_improved =  45 , prev_dis =  0.1793595 , new_dis =  0.1792426 
at process :  108 , file =  WD2_20_6_4.csv , time used:  5463.014 , number_improved =  46 , prev_dis =  0.2973214 , new_dis =  0.2970255 
at process :  109 , file =  WD2_20_7_4.csv , time used:  5546.406 , number_improved =  47 , prev_dis =  0.4827945 , new_dis =  0.4817794 
at process :  110 , file =  WD2_20_8_4.csv , time used:  5642.359 , number_improved =  48 , prev_dis =  0.7773559 , new_dis =  0.7723151 
at process :  111 , file =  WD2_20_9_4.csv , time used:  5750.94 , number_improved =  49 , prev_dis =  1.239711 , new_dis =  1.228653 
at process :  112 , file =  WD2_21_10_3.csv , time used:  5870.428 , number_improved =  50 , prev_dis =  2.968912 , new_dis =  2.96342 
at process :  113 , file =  WD2_21_11_3.csv , time used:  5991.057 , number_improved =  51 , prev_dis =  4.537057 , new_dis =  4.527238 
at process :  114 , file =  WD2_21_12_3.csv , time used:  6112.833 , number_improved =  52 , prev_dis =  6.899258 , new_dis =  6.892097 
at process :  115 , file =  WD2_21_13_3.csv , time used:  6235.789 , number_improved =  53 , prev_dis =  10.49202 , new_dis =  10.4391 
ERROR : n should be multiple of q.  
at process :  116 , file =  WD2_21_14_3.csv , time used:  6235.791 , number_improved =  53 , prev_dis =  16.39053 , new_dis =  16.39053 
at process :  117 , file =  WD2_21_15_3.csv , time used:  6361.625 , number_improved =  54 , prev_dis =  23.82966 , new_dis =  23.81784 
at process :  118 , file =  WD2_21_16_3.csv , time used:  6487.698 , number_improved =  55 , prev_dis =  35.83021 , new_dis =  35.80585 
at process :  119 , file =  WD2_21_17_3.csv , time used:  6615.12 , number_improved =  55 , prev_dis =  53.72469 , new_dis =  53.72469 
at process :  120 , file =  WD2_21_18_3.csv , time used:  6743.048 , number_improved =  55 , prev_dis =  80.50558 , new_dis =  80.50558 
at process :  121 , file =  WD2_21_19_3.csv , time used:  6871.919 , number_improved =  55 , prev_dis =  120.5039 , new_dis =  120.5039 
at process :  122 , file =  WD2_21_2_3.csv , time used:  6894.616 , number_improved =  55 , prev_dis =  0.04994961 , new_dis =  0.04994961 
at process :  123 , file =  WD2_21_3_3.csv , time used:  6928.656 , number_improved =  55 , prev_dis =  0.1011182 , new_dis =  0.1011182 
at process :  124 , file =  WD2_21_4_3.csv , time used:  6974.147 , number_improved =  55 , prev_dis =  0.1821485 , new_dis =  0.1821485 
at process :  125 , file =  WD2_21_5_3.csv , time used:  7030.712 , number_improved =  55 , prev_dis =  0.3089974 , new_dis =  0.3089974 
at process :  126 , file =  WD2_21_6_3.csv , time used:  7099.691 , number_improved =  55 , prev_dis =  0.5033688 , new_dis =  0.5033688 
at process :  127 , file =  WD2_21_7_3.csv , time used:  7181.593 , number_improved =  56 , prev_dis =  0.8032402 , new_dis =  0.8028191 
at process :  128 , file =  WD2_21_8_3.csv , time used:  7277.005 , number_improved =  57 , prev_dis =  1.256325 , new_dis =  1.255559 
at process :  129 , file =  WD2_21_9_3.csv , time used:  7384.824 , number_improved =  58 , prev_dis =  1.939092 , new_dis =  1.938323 
at process :  130 , file =  WD2_24_10_3.csv , time used:  7574.264 , number_improved =  59 , prev_dis =  2.90482 , new_dis =  2.90393 
at process :  131 , file =  WD2_24_10_4.csv , time used:  7798.862 , number_improved =  60 , prev_dis =  1.822398 , new_dis =  1.810772 
at process :  132 , file =  WD2_24_11_3.csv , time used:  7989.929 , number_improved =  61 , prev_dis =  4.396124 , new_dis =  4.394687 
at process :  133 , file =  WD2_24_11_4.csv , time used:  8217.12 , number_improved =  62 , prev_dis =  2.834662 , new_dis =  2.830506 
at process :  134 , file =  WD2_24_12_3.csv , time used:  8410.18 , number_improved =  63 , prev_dis =  6.645176 , new_dis =  6.635521 
at process :  135 , file =  WD2_24_12_4.csv , time used:  8638.733 , number_improved =  64 , prev_dis =  4.40733 , new_dis =  4.394041 
at process :  136 , file =  WD2_24_13_3.csv , time used:  8833.145 , number_improved =  65 , prev_dis =  10.02719 , new_dis =  10.00387 
at process :  137 , file =  WD2_24_13_4.csv , time used:  9063.777 , number_improved =  66 , prev_dis =  6.791738 , new_dis =  6.782441 
at process :  138 , file =  WD2_24_14_3.csv , time used:  9259.573 , number_improved =  67 , prev_dis =  15.0778 , new_dis =  15.04339 
at process :  139 , file =  WD2_24_14_4.csv , time used:  9491.654 , number_improved =  68 , prev_dis =  10.42984 , new_dis =  10.42148 
at process :  140 , file =  WD2_24_15_3.csv , time used:  9688.387 , number_improved =  69 , prev_dis =  22.58501 , new_dis =  22.58247 
at process :  141 , file =  WD2_24_15_4.csv , time used:  9921.248 , number_improved =  70 , prev_dis =  15.97615 , new_dis =  15.9674 
at process :  142 , file =  WD2_24_16_3.csv , time used:  10119.75 , number_improved =  71 , prev_dis =  33.84036 , new_dis =  33.80902 
at process :  143 , file =  WD2_24_16_4.csv , time used:  10354.8 , number_improved =  72 , prev_dis =  24.39862 , new_dis =  24.38128 
at process :  144 , file =  WD2_24_17_3.csv , time used:  10554.09 , number_improved =  73 , prev_dis =  50.55351 , new_dis =  50.53191 
at process :  145 , file =  WD2_24_17_4.csv , time used:  10790.59 , number_improved =  74 , prev_dis =  37.15859 , new_dis =  37.12837 
at process :  146 , file =  WD2_24_18_3.csv , time used:  10991.24 , number_improved =  75 , prev_dis =  75.45545 , new_dis =  75.40569 
at process :  147 , file =  WD2_24_18_4.csv , time used:  11229.12 , number_improved =  76 , prev_dis =  56.47722 , new_dis =  56.46798 
at process :  148 , file =  WD2_24_19_3.csv , time used:  11430.8 , number_improved =  76 , prev_dis =  112.3823 , new_dis =  112.3823 
at process :  149 , file =  WD2_24_19_4.csv , time used:  11670.48 , number_improved =  76 , prev_dis =  85.64989 , new_dis =  85.64989 
at process :  150 , file =  WD2_24_2_3.csv , time used:  11705.75 , number_improved =  76 , prev_dis =  0.04989712 , new_dis =  0.04989712 
at process :  151 , file =  WD2_24_2_4.csv , time used:  11745.72 , number_improved =  76 , prev_dis =  0.02799479 , new_dis =  0.02799479 
at process :  152 , file =  WD2_24_2_6.csv , time used:  11792.97 , number_improved =  76 , prev_dis =  0.01253858 , new_dis =  0.01253858 
at process :  153 , file =  WD2_24_3_3.csv , time used:  11846.81 , number_improved =  76 , prev_dis =  0.1008516 , new_dis =  0.1008516 
at process :  154 , file =  WD2_24_3_4.csv , time used:  11909.8 , number_improved =  76 , prev_dis =  0.05659089 , new_dis =  0.05659089 
at process :  155 , file =  WD2_24_4_3.csv , time used:  11980.72 , number_improved =  76 , prev_dis =  0.1812859 , new_dis =  0.1812859 
at process :  156 , file =  WD2_24_4_4.csv , time used:  12065.76 , number_improved =  76 , prev_dis =  0.1020133 , new_dis =  0.1020133 
at process :  157 , file =  WD2_24_5_3.csv , time used:  12156.29 , number_improved =  76 , prev_dis =  0.3070712 , new_dis =  0.3070712 
at process :  158 , file =  WD2_24_5_4.csv , time used:  12264.22 , number_improved =  76 , prev_dis =  0.1730041 , new_dis =  0.1730041 
at process :  159 , file =  WD2_24_6_3.csv , time used:  12374.31 , number_improved =  77 , prev_dis =  0.4998052 , new_dis =  0.4996462 
at process :  160 , file =  WD2_24_6_4.csv , time used:  12505.67 , number_improved =  78 , prev_dis =  0.2870594 , new_dis =  0.2838819 
at process :  161 , file =  WD2_24_7_3.csv , time used:  12635.39 , number_improved =  79 , prev_dis =  0.7940897 , new_dis =  0.7935642 
at process :  162 , file =  WD2_24_7_4.csv , time used:  12789.95 , number_improved =  80 , prev_dis =  0.4631506 , new_dis =  0.4555351 
at process :  163 , file =  WD2_24_8_3.csv , time used:  12939.5 , number_improved =  81 , prev_dis =  1.238675 , new_dis =  1.237698 
at process :  164 , file =  WD2_24_8_4.csv , time used:  13117.19 , number_improved =  82 , prev_dis =  0.7369754 , new_dis =  0.7248238 
at process :  165 , file =  WD2_24_9_3.csv , time used:  13287.72 , number_improved =  83 , prev_dis =  1.905719 , new_dis =  1.905553 
at process :  166 , file =  WD2_24_9_4.csv , time used:  13489.06 , number_improved =  84 , prev_dis =  1.160257 , new_dis =  1.138264 
at process :  167 , file =  WD2_25_2_5.csv , time used:  13539.25 , number_improved =  84 , prev_dis =  0.01782222 , new_dis =  0.01782222 
at process :  168 , file =  WD2_27_10_3.csv , time used:  13820.51 , number_improved =  85 , prev_dis =  2.830672 , new_dis =  2.799019 
at process :  169 , file =  WD2_27_11_3.csv , time used:  14104.05 , number_improved =  86 , prev_dis =  4.277464 , new_dis =  4.21269 
at process :  170 , file =  WD2_27_12_3.csv , time used:  14389.21 , number_improved =  87 , prev_dis =  6.452832 , new_dis =  6.300095 
at process :  171 , file =  WD2_27_13_3.csv , time used:  14676.18 , number_improved =  88 , prev_dis =  9.679639 , new_dis =  9.381977 
at process :  172 , file =  WD2_27_14_3.csv , time used:  14965.4 , number_improved =  89 , prev_dis =  14.50216 , new_dis =  14.44172 
at process :  173 , file =  WD2_27_15_3.csv , time used:  15255.57 , number_improved =  90 , prev_dis =  21.67271 , new_dis =  21.61596 
at process :  174 , file =  WD2_27_16_3.csv , time used:  15547.47 , number_improved =  91 , prev_dis =  32.32597 , new_dis =  32.29178 
at process :  175 , file =  WD2_27_17_3.csv , time used:  15841.52 , number_improved =  92 , prev_dis =  48.12382 , new_dis =  48.09862 
at process :  176 , file =  WD2_27_18_3.csv , time used:  16137.4 , number_improved =  93 , prev_dis =  71.61854 , new_dis =  71.512 
at process :  177 , file =  WD2_27_19_3.csv , time used:  16434.98 , number_improved =  94 , prev_dis =  106.298 , new_dis =  106.2469 
at process :  178 , file =  WD2_27_2_3.csv , time used:  16486.72 , number_improved =  94 , prev_dis =  0.04972565 , new_dis =  0.04972565 
at process :  179 , file =  WD2_27_3_3.csv , time used:  16565.51 , number_improved =  94 , prev_dis =  0.1001435 , new_dis =  0.1001435 
at process :  180 , file =  WD2_27_4_3.csv , time used:  16670.56 , number_improved =  94 , prev_dis =  0.1793352 , new_dis =  0.1793352 
at process :  181 , file =  WD2_27_5_3.csv , time used:  16805.15 , number_improved =  94 , prev_dis =  0.3026106 , new_dis =  0.3026106 
at process :  182 , file =  WD2_27_6_3.csv , time used:  16968.84 , number_improved =  95 , prev_dis =  0.4909213 , new_dis =  0.4907957 
at process :  183 , file =  WD2_27_7_3.csv , time used:  17161.9 , number_improved =  96 , prev_dis =  0.7775411 , new_dis =  0.7759289 
at process :  184 , file =  WD2_27_8_3.csv , time used:  17386.44 , number_improved =  97 , prev_dis =  1.210095 , new_dis =  1.204958 
at process :  185 , file =  WD2_27_9_3.csv , time used:  17640.28 , number_improved =  98 , prev_dis =  1.848208 , new_dis =  1.843952 
at process :  186 , file =  WD2_28_10_4.csv , time used:  17967.44 , number_improved =  99 , prev_dis =  1.731261 , new_dis =  1.73073 
at process :  187 , file =  WD2_28_11_4.csv , time used:  18296.97 , number_improved =  100 , prev_dis =  2.67587 , new_dis =  2.66871 
at process :  188 , file =  WD2_28_12_4.csv , time used:  18629.28 , number_improved =  101 , prev_dis =  4.119966 , new_dis =  4.106628 
at process :  189 , file =  WD2_28_13_4.csv , time used:  18963.58 , number_improved =  102 , prev_dis =  6.319888 , new_dis =  6.292384 
at process :  190 , file =  WD2_28_14_4.csv , time used:  19300.42 , number_improved =  103 , prev_dis =  9.623447 , new_dis =  9.620837 
at process :  191 , file =  WD2_28_15_4.csv , time used:  19640.36 , number_improved =  104 , prev_dis =  14.67927 , new_dis =  14.65678 
at process :  192 , file =  WD2_28_16_4.csv , time used:  19981.44 , number_improved =  105 , prev_dis =  22.28711 , new_dis =  22.27651 
at process :  193 , file =  WD2_28_17_4.csv , time used:  20325.08 , number_improved =  105 , prev_dis =  33.7853 , new_dis =  33.7853 
at process :  194 , file =  WD2_28_18_4.csv , time used:  20671.05 , number_improved =  105 , prev_dis =  51.13559 , new_dis =  51.13559 
at process :  195 , file =  WD2_28_19_4.csv , time used:  21019.27 , number_improved =  106 , prev_dis =  77.29405 , new_dis =  77.28906 
at process :  196 , file =  WD2_28_2_4.csv , time used:  21087.45 , number_improved =  106 , prev_dis =  0.02804572 , new_dis =  0.02804572 
at process :  197 , file =  WD2_28_3_4.csv , time used:  21193.89 , number_improved =  106 , prev_dis =  0.05668141 , new_dis =  0.05668141 
at process :  198 , file =  WD2_28_4_4.csv , time used:  21339.48 , number_improved =  107 , prev_dis =  0.1023184 , new_dis =  0.1023089 
at process :  199 , file =  WD2_28_5_4.csv , time used:  21521.72 , number_improved =  108 , prev_dis =  0.173838 , new_dis =  0.1736848 
at process :  200 , file =  WD2_28_6_4.csv , time used:  21743.53 , number_improved =  109 , prev_dis =  0.2848819 , new_dis =  0.2847135 
at process :  201 , file =  WD2_28_7_4.csv , time used:  22005.27 , number_improved =  110 , prev_dis =  0.4559548 , new_dis =  0.4553411 
at process :  202 , file =  WD2_28_8_4.csv , time used:  22308.8 , number_improved =  111 , prev_dis =  0.7183249 , new_dis =  0.7167542 
at process :  203 , file =  WD2_28_9_4.csv , time used:  22645.44 , number_improved =  112 , prev_dis =  1.118454 , new_dis =  1.117253 
at process :  204 , file =  WD2_30_10_3.csv , time used:  22994.73 , number_improved =  113 , prev_dis =  2.82705 , new_dis =  2.82572 
at process :  205 , file =  WD2_30_11_3.csv , time used:  23365.75 , number_improved =  114 , prev_dis =  4.259142 , new_dis =  4.254017 
at process :  206 , file =  WD2_30_12_3.csv , time used:  23760.21 , number_improved =  115 , prev_dis =  6.36913 , new_dis =  6.368364 
at process :  207 , file =  WD2_30_13_3.csv , time used:  24159.3 , number_improved =  116 , prev_dis =  9.502852 , new_dis =  9.4874 
at process :  208 , file =  WD2_30_14_3.csv , time used:  24575.7 , number_improved =  117 , prev_dis =  14.12174 , new_dis =  14.10025 
at process :  209 , file =  WD2_30_15_3.csv , time used:  24998.53 , number_improved =  118 , prev_dis =  20.95916 , new_dis =  20.9356 
at process :  210 , file =  WD2_30_16_3.csv , time used:  25423.47 , number_improved =  119 , prev_dis =  31.15763 , new_dis =  31.09509 
at process :  211 , file =  WD2_30_17_3.csv , time used:  25848.19 , number_improved =  119 , prev_dis =  46.17831 , new_dis =  46.17831 
at process :  212 , file =  WD2_30_18_3.csv , time used:  26276.63 , number_improved =  120 , prev_dis =  68.49834 , new_dis =  68.46818 
at process :  213 , file =  WD2_30_19_3.csv , time used:  26711.33 , number_improved =  121 , prev_dis =  101.4879 , new_dis =  101.415 
at process :  214 , file =  WD2_30_2_3.csv , time used:  26803.61 , number_improved =  121 , prev_dis =  0.04983539 , new_dis =  0.04983539 
at process :  215 , file =  WD2_30_2_5.csv , time used:  26916.48 , number_improved =  121 , prev_dis =  0.01796444 , new_dis =  0.01796444 
at process :  216 , file =  WD2_30_2_6.csv , time used:  27040.89 , number_improved =  121 , prev_dis =  0.01253258 , new_dis =  0.01253258 
at process :  217 , file =  WD2_30_3_3.csv , time used:  27180.23 , number_improved =  121 , prev_dis =  0.1005967 , new_dis =  0.1005967 
at process :  218 , file =  WD2_30_4_3.csv , time used:  27368.57 , number_improved =  121 , prev_dis =  0.1805674 , new_dis =  0.1805674 
at process :  219 , file =  WD2_30_5_3.csv , time used:  27610.12 , number_improved =  121 , prev_dis =  0.3047209 , new_dis =  0.3047209 
at process :  220 , file =  WD2_30_6_3.csv , time used:  27902.19 , number_improved =  122 , prev_dis =  0.4942979 , new_dis =  0.4937383 
at process :  221 , file =  WD2_30_7_3.csv , time used:  28246.81 , number_improved =  123 , prev_dis =  0.7824636 , new_dis =  0.7817909 
at process :  222 , file =  WD2_30_8_3.csv , time used:  28637.42 , number_improved =  124 , prev_dis =  1.215533 , new_dis =  1.215518 
at process :  223 , file =  WD2_30_9_3.csv , time used:  29054.26 , number_improved =  125 , prev_dis =  1.863337 , new_dis =  1.862997 
at process :  224 , file =  WD2_32_10_4.csv , time used:  29547.98 , number_improved =  126 , prev_dis =  1.674717 , new_dis =  1.634851 
at process :  225 , file =  WD2_32_11_4.csv , time used:  30046.66 , number_improved =  127 , prev_dis =  2.566592 , new_dis =  2.557058 
at process :  226 , file =  WD2_32_12_4.csv , time used:  30551.8 , number_improved =  128 , prev_dis =  3.920673 , new_dis =  3.907225 
at process :  227 , file =  WD2_32_13_4.csv , time used:  31058.26 , number_improved =  129 , prev_dis =  5.975032 , new_dis =  5.945857 
at process :  228 , file =  WD2_32_14_4.csv , time used:  31567.85 , number_improved =  130 , prev_dis =  9.060584 , new_dis =  9.039203 
at process :  229 , file =  WD2_32_15_4.csv , time used:  32082.3 , number_improved =  131 , prev_dis =  13.74336 , new_dis =  13.70194 
at process :  230 , file =  WD2_32_16_4.csv , time used:  32556.96 , number_improved =  132 , prev_dis =  20.7575 , new_dis =  20.73974 
at process :  231 , file =  WD2_32_17_4.csv , time used:  33025.58 , number_improved =  133 , prev_dis =  31.31247 , new_dis =  31.30893 
at process :  232 , file =  WD2_32_18_4.csv , time used:  33507.52 , number_improved =  134 , prev_dis =  47.2258 , new_dis =  47.21476 
at process :  233 , file =  WD2_32_19_4.csv , time used:  33974.23 , number_improved =  135 , prev_dis =  71.09562 , new_dis =  71.03953 
at process :  234 , file =  WD2_32_2_4.csv , time used:  34095.14 , number_improved =  135 , prev_dis =  0.02788628 , new_dis =  0.02788628 
at process :  235 , file =  WD2_32_3_4.csv , time used:  34290.34 , number_improved =  135 , prev_dis =  0.05602123 , new_dis =  0.05602123 
at process :  236 , file =  WD2_32_4_4.csv , time used:  34551.92 , number_improved =  135 , prev_dis =  0.1004515 , new_dis =  0.1004515 
at process :  237 , file =  WD2_32_5_4.csv , time used:  34865.43 , number_improved =  135 , prev_dis =  0.1694997 , new_dis =  0.1694997 
at process :  238 , file =  WD2_32_6_4.csv , time used:  35246.62 , number_improved =  136 , prev_dis =  0.2765588 , new_dis =  0.2754723 
at process :  239 , file =  WD2_32_7_4.csv , time used:  35682.62 , number_improved =  137 , prev_dis =  0.443409 , new_dis =  0.4373706 
at process :  240 , file =  WD2_32_8_4.csv , time used:  36108.47 , number_improved =  138 , prev_dis =  0.6980599 , new_dis =  0.6832418 
at process :  241 , file =  WD2_32_9_4.csv , time used:  36556.39 , number_improved =  139 , prev_dis =  1.08439 , new_dis =  1.061337 
at process :  242 , file =  WD2_33_10_3.csv , time used:  37016.44 , number_improved =  140 , prev_dis =  2.801425 , new_dis =  2.8001 
at process :  243 , file =  WD2_33_11_3.csv , time used:  37478 , number_improved =  141 , prev_dis =  4.211077 , new_dis =  4.206571 
at process :  244 , file =  WD2_33_12_3.csv , time used:  37941.06 , number_improved =  142 , prev_dis =  6.287843 , new_dis =  6.284878 
at process :  245 , file =  WD2_33_13_3.csv , time used:  38393.53 , number_improved =  143 , prev_dis =  9.34787 , new_dis =  9.334955 
at process :  246 , file =  WD2_33_14_3.csv , time used:  38840.66 , number_improved =  144 , prev_dis =  13.84538 , new_dis =  13.84053 
at process :  247 , file =  WD2_33_15_3.csv , time used:  39296.75 , number_improved =  145 , prev_dis =  20.47577 , new_dis =  20.4626 
at process :  248 , file =  WD2_33_16_3.csv , time used:  39751.26 , number_improved =  146 , prev_dis =  30.26148 , new_dis =  30.2045 
at process :  249 , file =  WD2_33_17_3.csv , time used:  40188.83 , number_improved =  147 , prev_dis =  44.73257 , new_dis =  44.68081 
at process :  250 , file =  WD2_33_18_3.csv , time used:  40631.96 , number_improved =  148 , prev_dis =  66.09327 , new_dis =  65.9788 
at process :  251 , file =  WD2_33_19_3.csv , time used:  41080.54 , number_improved =  149 , prev_dis =  97.59886 , new_dis =  97.45468 
at process :  252 , file =  WD2_33_2_3.csv , time used:  41190.21 , number_improved =  149 , prev_dis =  0.04981635 , new_dis =  0.04981635 
at process :  253 , file =  WD2_33_3_3.csv , time used:  41357.93 , number_improved =  149 , prev_dis =  0.1005382 , new_dis =  0.1005382 
at process :  254 , file =  WD2_33_4_3.csv , time used:  41585.38 , number_improved =  149 , prev_dis =  0.1804476 , new_dis =  0.1804476 
at process :  255 , file =  WD2_33_5_3.csv , time used:  41872.14 , number_improved =  149 , prev_dis =  0.3038347 , new_dis =  0.3038347 
at process :  256 , file =  WD2_33_6_3.csv , time used:  42223.59 , number_improved =  150 , prev_dis =  0.4925877 , new_dis =  0.492553 
at process :  257 , file =  WD2_33_7_3.csv , time used:  42633.72 , number_improved =  150 , prev_dis =  0.7785973 , new_dis =  0.7785973 
at process :  258 , file =  WD2_33_8_3.csv , time used:  43055.34 , number_improved =  151 , prev_dis =  1.208341 , new_dis =  1.208325 
at process :  259 , file =  WD2_33_9_3.csv , time used:  43470.68 , number_improved =  152 , prev_dis =  1.849349 , new_dis =  1.848744 
at process :  260 , file =  WD2_35_2_5.csv , time used:  43643.76 , number_improved =  152 , prev_dis =  0.01792671 , new_dis =  0.01792671 
at process :  261 , file =  WD2_36_10_3.csv , time used:  44131.55 , number_improved =  153 , prev_dis =  2.764148 , new_dis =  2.763349 
at process :  262 , file =  WD2_36_10_4.csv , time used:  44652.53 , number_improved =  154 , prev_dis =  1.640893 , new_dis =  1.638605 
at process :  263 , file =  WD2_36_11_3.csv , time used:  45146.11 , number_improved =  155 , prev_dis =  4.148265 , new_dis =  4.147883 
at process :  264 , file =  WD2_36_11_4.csv , time used:  45679.7 , number_improved =  156 , prev_dis =  2.500918 , new_dis =  2.493413 
at process :  265 , file =  WD2_36_12_3.csv , time used:  46182.96 , number_improved =  157 , prev_dis =  6.202413 , new_dis =  6.190236 
at process :  266 , file =  WD2_36_12_4.csv , time used:  46720.22 , number_improved =  158 , prev_dis =  3.790173 , new_dis =  3.780363 
at process :  267 , file =  WD2_36_13_3.csv , time used:  47240.24 , number_improved =  159 , prev_dis =  9.213716 , new_dis =  9.192902 
at process :  268 , file =  WD2_36_13_4.csv , time used:  47785.46 , number_improved =  160 , prev_dis =  5.735377 , new_dis =  5.706844 
at process :  269 , file =  WD2_36_14_4.csv , time used:  48365.5 , number_improved =  161 , prev_dis =  8.642307 , new_dis =  8.628244 
at process :  270 , file =  WD2_36_15_4.csv , time used:  48941.05 , number_improved =  162 , prev_dis =  13.02624 , new_dis =  13.00201 
at process :  271 , file =  WD2_36_16_4.csv , time used:  49516.78 , number_improved =  163 , prev_dis =  19.61258 , new_dis =  19.57022 
at process :  272 , file =  WD2_36_2_3.csv , time used:  49672.09 , number_improved =  163 , prev_dis =  0.04972565 , new_dis =  0.04972565 
at process :  273 , file =  WD2_36_2_4.csv , time used:  49853.01 , number_improved =  163 , prev_dis =  0.02798274 , new_dis =  0.02798274 
at process :  274 , file =  WD2_36_2_6.csv , time used:  50079.72 , number_improved =  163 , prev_dis =  0.01236711 , new_dis =  0.01236711 
at process :  275 , file =  WD2_36_3_3.csv , time used:  50323.5 , number_improved =  163 , prev_dis =  0.1001943 , new_dis =  0.1001943 
at process :  276 , file =  WD2_36_3_4.csv , time used:  50614.79 , number_improved =  163 , prev_dis =  0.05640854 , new_dis =  0.05640854 
at process :  277 , file =  WD2_36_4_3.csv , time used:  50939.97 , number_improved =  163 , prev_dis =  0.1795723 , new_dis =  0.1795723 
at process :  278 , file =  WD2_36_4_4.csv , time used:  51339.41 , number_improved =  164 , prev_dis =  0.1013586 , new_dis =  0.10135 
at process :  279 , file =  WD2_36_5_3.csv , time used:  51768.38 , number_improved =  164 , prev_dis =  0.3020237 , new_dis =  0.3020237 
at process :  280 , file =  WD2_36_5_4.csv , time used:  52282.86 , number_improved =  165 , prev_dis =  0.1713549 , new_dis =  0.1711138 
at process :  281 , file =  WD2_36_6_3.csv , time used:  52789.21 , number_improved =  165 , prev_dis =  0.4885238 , new_dis =  0.4885238 
at process :  282 , file =  WD2_36_6_4.csv , time used:  53320.46 , number_improved =  166 , prev_dis =  0.2791053 , new_dis =  0.2790206 
at process :  283 , file =  WD2_36_7_3.csv , time used:  53834.18 , number_improved =  167 , prev_dis =  0.7712157 , new_dis =  0.7708963 
at process :  284 , file =  WD2_36_7_4.csv , time used:  54378.93 , number_improved =  168 , prev_dis =  0.4437864 , new_dis =  0.4435104 
at process :  285 , file =  WD2_36_8_3.csv , time used:  54885.48 , number_improved =  169 , prev_dis =  1.194565 , new_dis =  1.194463 
at process :  286 , file =  WD2_36_8_4.csv , time used:  55426.26 , number_improved =  170 , prev_dis =  0.6932936 , new_dis =  0.6926779 
at process :  287 , file =  WD2_36_9_3.csv , time used:  55968.31 , number_improved =  171 , prev_dis =  1.826897 , new_dis =  1.824851 
at process :  288 , file =  WD2_36_9_4.csv , time used:  56523.96 , number_improved =  172 , prev_dis =  1.071951 , new_dis =  1.070758 
at process :  289 , file =  WD2_39_10_3.csv , time used:  57121.84 , number_improved =  173 , prev_dis =  2.763686 , new_dis =  2.762102 
at process :  290 , file =  WD2_39_11_3.csv , time used:  57721.1 , number_improved =  174 , prev_dis =  4.141175 , new_dis =  4.139127 
at process :  291 , file =  WD2_39_12_3.csv , time used:  58324.83 , number_improved =  175 , prev_dis =  6.166953 , new_dis =  6.162827 
at process :  292 , file =  WD2_39_13_3.csv , time used:  58928.87 , number_improved =  176 , prev_dis =  9.134511 , new_dis =  9.129733 
at process :  293 , file =  WD2_39_2_3.csv , time used:  59128.96 , number_improved =  176 , prev_dis =  0.04979059 , new_dis =  0.04979059 
at process :  294 , file =  WD2_39_3_3.csv , time used:  59454.92 , number_improved =  176 , prev_dis =  0.1004405 , new_dis =  0.1004405 
at process :  295 , file =  WD2_39_4_3.csv , time used:  59890.42 , number_improved =  176 , prev_dis =  0.1801893 , new_dis =  0.1801893 
at process :  296 , file =  WD2_39_5_3.csv , time used:  60462.4 , number_improved =  176 , prev_dis =  0.3032397 , new_dis =  0.3032397 
at process :  297 , file =  WD2_39_6_3.csv , time used:  61035.84 , number_improved =  177 , prev_dis =  0.4905008 , new_dis =  0.490315 
at process :  298 , file =  WD2_39_7_3.csv , time used:  61599.87 , number_improved =  178 , prev_dis =  0.773395 , new_dis =  0.7729722 
at process :  299 , file =  WD2_39_8_3.csv , time used:  62184.3 , number_improved =  178 , prev_dis =  1.197453 , new_dis =  1.197453 
at process :  300 , file =  WD2_39_9_3.csv , time used:  62762.75 , number_improved =  179 , prev_dis =  1.828311 , new_dis =  1.828275 
at process :  301 , file =  WD2_40_2_4.csv , time used:  63029.17 , number_improved =  179 , prev_dis =  0.02792535 , new_dis =  0.02792535 
at process :  302 , file =  WD2_40_2_5.csv , time used:  63326.69 , number_improved =  179 , prev_dis =  0.01790222 , new_dis =  0.01790222 
at process :  303 , file =  WD2_42_10_3.csv , time used:  64004.9 , number_improved =  180 , prev_dis =  2.75014 , new_dis =  2.747673 
at process :  304 , file =  WD2_42_11_3.csv , time used:  64676.72 , number_improved =  181 , prev_dis =  4.117214 , new_dis =  4.113639 
at process :  305 , file =  WD2_42_12_3.csv , time used:  65377.67 , number_improved =  182 , prev_dis =  6.122335 , new_dis =  6.117125 
at process :  306 , file =  WD2_42_13_3.csv , time used:  66075.2 , number_improved =  183 , prev_dis =  9.057348 , new_dis =  9.049818 
at process :  307 , file =  WD2_42_2_3.csv , time used:  66348.33 , number_improved =  183 , prev_dis =  0.04978164 , new_dis =  0.04978164 
at process :  308 , file =  WD2_42_2_6.csv , time used:  66733 , number_improved =  183 , prev_dis =  0.01245153 , new_dis =  0.01245153 
at process :  309 , file =  WD2_42_3_3.csv , time used:  67153.85 , number_improved =  183 , prev_dis =  0.1003996 , new_dis =  0.1003996 
at process :  310 , file =  WD2_42_4_3.csv , time used:  67740.37 , number_improved =  183 , prev_dis =  0.1800634 , new_dis =  0.1800634 
at process :  311 , file =  WD2_42_5_3.csv , time used:  68375.23 , number_improved =  183 , prev_dis =  0.3029154 , new_dis =  0.3029154 
at process :  312 , file =  WD2_42_6_3.csv , time used:  68983.34 , number_improved =  184 , prev_dis =  0.4897237 , new_dis =  0.4896673 
at process :  313 , file =  WD2_42_7_3.csv , time used:  69585.39 , number_improved =  185 , prev_dis =  0.7719202 , new_dis =  0.7716947 
at process :  314 , file =  WD2_42_8_3.csv , time used:  70192.29 , number_improved =  186 , prev_dis =  1.194021 , new_dis =  1.193585 
at process :  315 , file =  WD2_42_9_3.csv , time used:  70801.65 , number_improved =  187 , prev_dis =  1.82111 , new_dis =  1.821009 
at process :  316 , file =  WD2_44_2_4.csv , time used:  71151.52 , number_improved =  187 , prev_dis =  0.02795085 , new_dis =  0.02795085 
at process :  317 , file =  WD2_45_10_3.csv , time used:  71854.29 , number_improved =  188 , prev_dis =  2.728031 , new_dis =  2.726596 
at process :  318 , file =  WD2_45_11_3.csv , time used:  72565.93 , number_improved =  189 , prev_dis =  4.079404 , new_dis =  4.078851 
at process :  319 , file =  WD2_45_12_3.csv , time used:  73304.33 , number_improved =  190 , prev_dis =  6.067723 , new_dis =  6.061068 
at process :  320 , file =  WD2_45_13_3.csv , time used:  74072.43 , number_improved =  191 , prev_dis =  8.963965 , new_dis =  8.962409 
at process :  321 , file =  WD2_45_2_3.csv , time used:  74410.85 , number_improved =  191 , prev_dis =  0.04972565 , new_dis =  0.04972565 
at process :  322 , file =  WD2_45_2_5.csv , time used:  74821.91 , number_improved =  191 , prev_dis =  0.01788543 , new_dis =  0.01788543 
at process :  323 , file =  WD2_45_3_3.csv , time used:  75301.94 , number_improved =  191 , prev_dis =  0.100176 , new_dis =  0.100176 
at process :  324 , file =  WD2_45_4_3.csv , time used:  75910.9 , number_improved =  191 , prev_dis =  0.1794652 , new_dis =  0.1794652 
at process :  325 , file =  WD2_45_5_3.csv , time used:  76543.08 , number_improved =  191 , prev_dis =  0.3016231 , new_dis =  0.3016231 
at process :  326 , file =  WD2_45_6_3.csv , time used:  77186.37 , number_improved =  191 , prev_dis =  0.4872912 , new_dis =  0.4872912 
at process :  327 , file =  WD2_45_7_3.csv , time used:  77839.34 , number_improved =  192 , prev_dis =  0.7673609 , new_dis =  0.76724 
at process :  328 , file =  WD2_45_8_3.csv , time used:  78500.56 , number_improved =  192 , prev_dis =  1.185784 , new_dis =  1.185784 
at process :  329 , file =  WD2_45_9_3.csv , time used:  79169.42 , number_improved =  192 , prev_dis =  1.807815 , new_dis =  1.807815 
at process :  330 , file =  WD2_48_10_3.csv , time used:  79923.92 , number_improved =  193 , prev_dis =  2.725975 , new_dis =  2.724797 
at process :  331 , file =  WD2_48_11_3.csv , time used:  80692.24 , number_improved =  194 , prev_dis =  4.072369 , new_dis =  4.071975 
at process :  332 , file =  WD2_48_12_3.csv , time used:  81466.34 , number_improved =  195 , prev_dis =  6.050008 , new_dis =  6.043701 
at process :  333 , file =  WD2_48_13_3.csv , time used:  82243.66 , number_improved =  196 , prev_dis =  8.932284 , new_dis =  8.924259 
at process :  334 , file =  WD2_48_2_3.csv , time used:  82632.68 , number_improved =  196 , prev_dis =  0.04976852 , new_dis =  0.04976852 
at process :  335 , file =  WD2_48_2_4.csv , time used:  83115.67 , number_improved =  196 , prev_dis =  0.02788628 , new_dis =  0.02788628 
at process :  336 , file =  WD2_48_2_6.csv , time used:  83688.63 , number_improved =  196 , prev_dis =  0.01240998 , new_dis =  0.01240998 
at process :  337 , file =  WD2_48_3_3.csv , time used:  84301.74 , number_improved =  196 , prev_dis =  0.1003301 , new_dis =  0.1003301 
at process :  338 , file =  WD2_48_4_3.csv , time used:  84991.79 , number_improved =  196 , prev_dis =  0.1798292 , new_dis =  0.1798292 
at process :  339 , file =  WD2_48_5_3.csv , time used:  85713.42 , number_improved =  196 , prev_dis =  0.3023341 , new_dis =  0.3023341 
at process :  340 , file =  WD2_48_6_3.csv , time used:  86447.82 , number_improved =  197 , prev_dis =  0.4885349 , new_dis =  0.4884888 
at process :  341 , file =  WD2_48_7_3.csv , time used:  87191.81 , number_improved =  197 , prev_dis =  0.7684114 , new_dis =  0.7684114 
at process :  342 , file =  WD2_48_8_3.csv , time used:  87942.19 , number_improved =  198 , prev_dis =  1.187932 , new_dis =  1.187694 
at process :  343 , file =  WD2_48_9_3.csv , time used:  88704.71 , number_improved =  199 , prev_dis =  1.809151 , new_dis =  1.809103 
at process :  344 , file =  WD2_50_2_5.csv , time used:  89361.93 , number_improved =  199 , prev_dis =  0.01782222 , new_dis =  0.01782222 
at process :  345 , file =  WD2_51_2_3.csv , time used:  89900.93 , number_improved =  199 , prev_dis =  0.04976362 , new_dis =  0.04976362 
at process :  346 , file =  WD2_52_2_4.csv , time used:  90577.85 , number_improved =  199 , prev_dis =  0.02793251 , new_dis =  0.02793251 
at process :  347 , file =  WD2_55_2_5.csv , time used:  91438.41 , number_improved =  199 , prev_dis =  0.01786454 , new_dis =  0.01786454 
at process :  348 , file =  WD2_8_10_4.csv , time used:  91455.58 , number_improved =  199 , prev_dis =  3.426143 , new_dis =  3.426143 
at process :  349 , file =  WD2_8_11_4.csv , time used:  91474.46 , number_improved =  200 , prev_dis =  5.574691 , new_dis =  5.57447 
at process :  350 , file =  WD2_8_12_4.csv , time used:  91494.56 , number_improved =  201 , prev_dis =  8.978894 , new_dis =  8.977258 
at process :  351 , file =  WD2_8_13_4.csv , time used:  91514 , number_improved =  201 , prev_dis =  14.33053 , new_dis =  14.33053 
at process :  352 , file =  WD2_8_14_4.csv , time used:  91533.58 , number_improved =  202 , prev_dis =  22.69746 , new_dis =  22.69721 
at process :  353 , file =  WD2_8_15_4.csv , time used:  91554.57 , number_improved =  203 , prev_dis =  35.77407 , new_dis =  35.76641 
at process :  354 , file =  WD2_8_16_4.csv , time used:  91575.19 , number_improved =  204 , prev_dis =  56.03497 , new_dis =  56.03127 
at process :  355 , file =  WD2_8_17_4.csv , time used:  91596.52 , number_improved =  205 , prev_dis =  87.35867 , new_dis =  87.33102 
at process :  356 , file =  WD2_8_18_4.csv , time used:  91619.1 , number_improved =  206 , prev_dis =  135.6371 , new_dis =  135.6036 
at process :  357 , file =  WD2_8_19_4.csv , time used:  91641 , number_improved =  207 , prev_dis =  209.8364 , new_dis =  209.8248 
at process :  358 , file =  WD2_8_2_4.csv , time used:  91644.36 , number_improved =  207 , prev_dis =  0.02886285 , new_dis =  0.02886285 
at process :  359 , file =  WD2_8_3_4.csv , time used:  91649.15 , number_improved =  207 , prev_dis =  0.06090404 , new_dis =  0.06090404 
at process :  360 , file =  WD2_8_4_4.csv , time used:  91655.52 , number_improved =  207 , prev_dis =  0.1263581 , new_dis =  0.1263581 
at process :  361 , file =  WD2_8_5_4.csv , time used:  91663.86 , number_improved =  207 , prev_dis =  0.2356267 , new_dis =  0.2356267 
at process :  362 , file =  WD2_8_6_4.csv , time used:  91673.68 , number_improved =  207 , prev_dis =  0.4194261 , new_dis =  0.4194261 
at process :  363 , file =  WD2_8_7_4.csv , time used:  91685.26 , number_improved =  207 , prev_dis =  0.729986 , new_dis =  0.729986 
at process :  364 , file =  WD2_8_8_4.csv , time used:  91698.91 , number_improved =  207 , prev_dis =  1.246971 , new_dis =  1.246971 
at process :  365 , file =  WD2_8_9_4.csv , time used:  91714.82 , number_improved =  207 , prev_dis =  2.082421 , new_dis =  2.082421 
at process :  366 , file =  WD2_9_10_3.csv , time used:  91733.01 , number_improved =  207 , prev_dis =  4.097947 , new_dis =  4.097947 
at process :  367 , file =  WD2_9_11_3.csv , time used:  91751.11 , number_improved =  207 , prev_dis =  6.46314 , new_dis =  6.46314 
at process :  368 , file =  WD2_9_12_3.csv , time used:  91769.68 , number_improved =  207 , prev_dis =  10.08773 , new_dis =  10.08773 
at process :  369 , file =  WD2_9_13_3.csv , time used:  91788.95 , number_improved =  207 , prev_dis =  15.85302 , new_dis =  15.85302 
at process :  370 , file =  WD2_9_14_3.csv , time used:  91807.45 , number_improved =  207 , prev_dis =  24.65734 , new_dis =  24.65734 
at process :  371 , file =  WD2_9_15_3.csv , time used:  91827.82 , number_improved =  207 , prev_dis =  38.06769 , new_dis =  38.06769 
at process :  372 , file =  WD2_9_16_3.csv , time used:  91848.03 , number_improved =  207 , prev_dis =  58.45425 , new_dis =  58.45425 
at process :  373 , file =  WD2_9_17_3.csv , time used:  91867.44 , number_improved =  207 , prev_dis =  90.10272 , new_dis =  90.10272 
at process :  374 , file =  WD2_9_18_3.csv , time used:  91888.05 , number_improved =  207 , prev_dis =  138.1194 , new_dis =  138.1194 
at process :  375 , file =  WD2_9_19_3.csv , time used:  91909.77 , number_improved =  207 , prev_dis =  210.8552 , new_dis =  210.8552 
at process :  376 , file =  WD2_9_2_3.csv , time used:  91913.46 , number_improved =  207 , prev_dis =  0.04972565 , new_dis =  0.04972565 
at process :  377 , file =  WD2_9_3_3.csv , time used:  91918.81 , number_improved =  207 , prev_dis =  0.1009564 , new_dis =  0.1009564 
at process :  378 , file =  WD2_9_4_3.csv , time used:  91926.37 , number_improved =  207 , prev_dis =  0.1836706 , new_dis =  0.1836706 
at process :  379 , file =  WD2_9_5_3.csv , time used:  91935.39 , number_improved =  207 , prev_dis =  0.3386441 , new_dis =  0.3386441 
at process :  380 , file =  WD2_9_6_3.csv , time used:  91946.88 , number_improved =  207 , prev_dis =  0.583565 , new_dis =  0.583565 
at process :  381 , file =  WD2_9_7_3.csv , time used:  91960.21 , number_improved =  207 , prev_dis =  0.9670838 , new_dis =  0.9670838 
at process :  382 , file =  WD2_9_8_3.csv , time used:  91975.06 , number_improved =  207 , prev_dis =  1.563799 , new_dis =  1.563799 
at process :  383 , file =  WD2_9_9_3.csv , time used:  91991.07 , number_improved =  207 , prev_dis =  2.559674 , new_dis =  2.559674 
